Table's default Target repeat:ZWOT_PROD_WORK_WRIT_SUB_THIRD,ignore this table!
Table's default Target repeat:ZWOT_PROD_WORK_WRIT_SUB_THIRD,ignore this table!
Same target name found:NPMIS_ZWOT_PROD_WORK_WRIT_SUB_,ignore this table!
Same target table name found:NPMIS_ZWOT_PROD_SAFE_DEVICE_HU,ignore this table!
Same target table name found:NPMIS_ZWOT_PROD_WORK_WRIT_SUB_,ignore this table!
DW_PMIS. not exist!!!
Same target table name found:NPMIS_ZWOT_PROD_WORK_WRIT_SUB_,ignore this table!















Same target table name found:NPMIS_ZWOT_PROD_WORK_WRIT_SUB_,ignore this table!















Same target table name found:NPMIS_ZWOT_PROD_WORK_WRIT_SUB_,ignore this table!
NPMIS_ZWOT_PROD_SAFE_DEVICE_HU.HY_UPDATE_DATE
NPMIS_ZWOT_PROD_BUSINESS_RELAT.HY_UPDATE_DATE
NPMIS_ZWOT_PROD_RELAY_PROTECT_.HY_UPDATE_DATE
NPMIS_ZWOT_PROD_TRIP_ASSET_FIL.HY_UPDATE_DATE
NPMIS_ZWOT_SPRMS_INNER_VERIFY.HY_UPDATE_DATE
NPMIS_ZWOT_PROD_WORK_WRIT_SUB_.HY_UPDATE_DATE
NPMIS_ZWOT_PROD_RELAYSETTING.HY_UPDATE_DATE
NPMIS_ZWOT_SS_SAFE_ORGANIZATIO.HY_UPDATE_DATE
NPMIS_ZWOT_PROD_TASK_SHELL.HY_UPDATE_DATE
NPMIS_ZWOT_PROD_YD_STATION.HY_UPDATE_DATE
NPMIS_ZWOT_PROD_SPECIAL_RE_CLA.HY_UPDATE_DATE
NPMIS_ZWOT_SS_SAFTY_PRECINCT.HY_UPDATE_DATE
NPMIS_ZWOT_SS_SAFETY_EXAMINATI.HY_UPDATE_DATE
NPMIS_ZWOT_PROD_POWER.HY_UPDATE_DATE
NPMIS_ZWOT_PROD_UNLOCK_KEY_APP.HY_UPDATE_DATE
DW_PMIS.ZWOT_PROD_UNLOCK_KEY_APP not exist!!!
NPMIS_ZWOT_PROD_UNLOCK_KEY_APP.HY_UPDATE_DATE
Same target table name found:NPMIS_ZWOT_PROD_WORK_WRIT_SUB_,ignore this table!
